  Source.cpp
c:\users\trinh\desktop\crossingstreet\1712841\source.cpp(70): warning C4018: '<': signed/unsigned mismatch
c:\users\trinh\desktop\crossingstreet\1712841\source.cpp(128): warning C4018: '<': signed/unsigned mismatch
c:\users\trinh\desktop\crossingstreet\1712841\source.cpp(54): warning C4996: 'fopen': This function or variable may be unsafe. Consider using fopen_s instead. To disable deprecation, use _CRT_SECURE_NO_WARNINGS. See online help for details.
  c:\program files (x86)\windows kits\10\include\10.0.17763.0\ucrt\stdio.h(208): note: see declaration of 'fopen'
c:\users\trinh\desktop\crossingstreet\1712841\source.cpp(114): warning C4996: 'fopen': This function or variable may be unsafe. Consider using fopen_s instead. To disable deprecation, use _CRT_SECURE_NO_WARNINGS. See online help for details.
  c:\program files (x86)\windows kits\10\include\10.0.17763.0\ucrt\stdio.h(208): note: see declaration of 'fopen'
c:\users\trinh\desktop\crossingstreet\1712841\source.cpp(144): warning C4996: 'fopen': This function or variable may be unsafe. Consider using fopen_s instead. To disable deprecation, use _CRT_SECURE_NO_WARNINGS. See online help for details.
  c:\program files (x86)\windows kits\10\include\10.0.17763.0\ucrt\stdio.h(208): note: see declaration of 'fopen'
c:\users\trinh\desktop\crossingstreet\1712841\source.cpp(167): warning C4996: 'fopen': This function or variable may be unsafe. Consider using fopen_s instead. To disable deprecation, use _CRT_SECURE_NO_WARNINGS. See online help for details.
  c:\program files (x86)\windows kits\10\include\10.0.17763.0\ucrt\stdio.h(208): note: see declaration of 'fopen'
c:\users\trinh\desktop\crossingstreet\1712841\source.cpp(348): warning C4018: '<': signed/unsigned mismatch
c:\users\trinh\desktop\crossingstreet\1712841\source.cpp(755): warning C4996: 'strcat': This function or variable may be unsafe. Consider using strcat_s instead. To disable deprecation, use _CRT_SECURE_NO_WARNINGS. See online help for details.
  c:\program files (x86)\windows kits\10\include\10.0.17763.0\ucrt\string.h(90): note: see declaration of 'strcat'
c:\users\trinh\desktop\crossingstreet\1712841\source.cpp(756): warning C4996: 'fopen': This function or variable may be unsafe. Consider using fopen_s instead. To disable deprecation, use _CRT_SECURE_NO_WARNINGS. See online help for details.
  c:\program files (x86)\windows kits\10\include\10.0.17763.0\ucrt\stdio.h(208): note: see declaration of 'fopen'
c:\users\trinh\desktop\crossingstreet\1712841\source.cpp(792): warning C4477: 'fscanf' : format string '%d' requires an argument of type 'int *', but variadic argument 1 has type 'bool *'
c:\users\trinh\desktop\crossingstreet\1712841\source.cpp(779): warning C4996: 'strcat': This function or variable may be unsafe. Consider using strcat_s instead. To disable deprecation, use _CRT_SECURE_NO_WARNINGS. See online help for details.
  c:\program files (x86)\windows kits\10\include\10.0.17763.0\ucrt\string.h(90): note: see declaration of 'strcat'
c:\users\trinh\desktop\crossingstreet\1712841\source.cpp(780): warning C4996: 'fopen': This function or variable may be unsafe. Consider using fopen_s instead. To disable deprecation, use _CRT_SECURE_NO_WARNINGS. See online help for details.
  c:\program files (x86)\windows kits\10\include\10.0.17763.0\ucrt\stdio.h(208): note: see declaration of 'fopen'
c:\users\trinh\desktop\crossingstreet\1712841\source.cpp(792): warning C4996: 'fscanf': This function or variable may be unsafe. Consider using fscanf_s instead. To disable deprecation, use _CRT_SECURE_NO_WARNINGS. See online help for details.
  c:\program files (x86)\windows kits\10\include\10.0.17763.0\ucrt\stdio.h(1197): note: see declaration of 'fscanf'
c:\users\trinh\desktop\crossingstreet\1712841\source.cpp(793): warning C4996: 'fscanf': This function or variable may be unsafe. Consider using fscanf_s instead. To disable deprecation, use _CRT_SECURE_NO_WARNINGS. See online help for details.
  c:\program files (x86)\windows kits\10\include\10.0.17763.0\ucrt\stdio.h(1197): note: see declaration of 'fscanf'
c:\users\trinh\desktop\crossingstreet\1712841\source.cpp(794): warning C4996: 'fscanf': This function or variable may be unsafe. Consider using fscanf_s instead. To disable deprecation, use _CRT_SECURE_NO_WARNINGS. See online help for details.
  c:\program files (x86)\windows kits\10\include\10.0.17763.0\ucrt\stdio.h(1197): note: see declaration of 'fscanf'
c:\users\trinh\desktop\crossingstreet\1712841\source.cpp(797): warning C4996: 'fscanf': This function or variable may be unsafe. Consider using fscanf_s instead. To disable deprecation, use _CRT_SECURE_NO_WARNINGS. See online help for details.
  c:\program files (x86)\windows kits\10\include\10.0.17763.0\ucrt\stdio.h(1197): note: see declaration of 'fscanf'
c:\users\trinh\desktop\crossingstreet\1712841\source.cpp(800): warning C4996: 'fscanf': This function or variable may be unsafe. Consider using fscanf_s instead. To disable deprecation, use _CRT_SECURE_NO_WARNINGS. See online help for details.
  c:\program files (x86)\windows kits\10\include\10.0.17763.0\ucrt\stdio.h(1197): note: see declaration of 'fscanf'
c:\users\trinh\desktop\crossingstreet\1712841\source.cpp(806): warning C4996: 'fscanf': This function or variable may be unsafe. Consider using fscanf_s instead. To disable deprecation, use _CRT_SECURE_NO_WARNINGS. See online help for details.
  c:\program files (x86)\windows kits\10\include\10.0.17763.0\ucrt\stdio.h(1197): note: see declaration of 'fscanf'
c:\users\trinh\desktop\crossingstreet\1712841\source.cpp(810): warning C4996: 'fscanf': This function or variable may be unsafe. Consider using fscanf_s instead. To disable deprecation, use _CRT_SECURE_NO_WARNINGS. See online help for details.
  c:\program files (x86)\windows kits\10\include\10.0.17763.0\ucrt\stdio.h(1197): note: see declaration of 'fscanf'
c:\users\trinh\desktop\crossingstreet\1712841\source.cpp(840): warning C4996: 'fopen': This function or variable may be unsafe. Consider using fopen_s instead. To disable deprecation, use _CRT_SECURE_NO_WARNINGS. See online help for details.
  c:\program files (x86)\windows kits\10\include\10.0.17763.0\ucrt\stdio.h(208): note: see declaration of 'fopen'
c:\users\trinh\desktop\crossingstreet\1712841\source.cpp(866): warning C4244: 'argument': conversion from 'time_t' to 'unsigned int', possible loss of data
c:\users\trinh\desktop\crossingstreet\1712841\source.cpp(885): error C3861: 'gets': identifier not found
c:\users\trinh\desktop\crossingstreet\1712841\source.cpp(926): error C3861: 'gets': identifier not found
c:\users\trinh\desktop\crossingstreet\1712841\source.cpp(944): error C3861: 'gets': identifier not found
c:\users\trinh\desktop\crossingstreet\1712841\source.cpp(871): warning C4996: 'getch': The POSIX name for this item is deprecated. Instead, use the ISO C and C++ conformant name: _getch. See online help for details.
  c:\program files (x86)\windows kits\10\include\10.0.17763.0\ucrt\conio.h(453): note: see declaration of 'getch'
c:\users\trinh\desktop\crossingstreet\1712841\source.cpp(900): warning C4996: 'getch': The POSIX name for this item is deprecated. Instead, use the ISO C and C++ conformant name: _getch. See online help for details.
  c:\program files (x86)\windows kits\10\include\10.0.17763.0\ucrt\conio.h(453): note: see declaration of 'getch'
